
Field #1:
1*1
111
000
111
1*2
12*
122
1*1

Field #2:
000001*2*22212*3110000
0000122212**22*3*21100
00002*21123*211212*100
00014*42*1111000011211
1101**3*320000000001*1
*3233322*2212221122211
2**3*2234*4*2**11**210
13*312**3**22221123*10

Field #3:
000111
0002*2
0113*2
01*321
122*10
*21110
*31100
23*210
*22*10

Field #4:
11101*2*3*32*211001*10111
2*2011224**212*10122212*1
2*200012*332223334*32*332
2232223*422*2*2*****22*2*
2*3**2**4*312122333211232
2*3222234*2001110000112*1
11100112*21001*101112*322
011101*33321012211*23*22*
12*1013*3**2111*112*2123*
2*21002*3233*2211012222*2
*4311122101*3*100002*3*21
**2*11*3211232100002*3110
2333233**102*211222211000
02*4*3*43102*32*2**210111
02*5*43*20124*32333*113*2
1223*33*201*3*33*21222**2
1*1224*31122323**411*2232
1222*4*302*21*45**221101*
12*213*202*212**54*211132
*32112210111013**22*11*3*
2*101*10111000123221112*2
222011212*1011113*2000222
2*10112*21112*11**21111*2
*2101*212122*3223321*222*
110011112*2*23*21*112*111
00000012*22112*2111022311
0000001*3200011211001*3*2
11100123*2101111*111214*3
2*1001*22*101*11112*312*2
*210012221101121113**3211
1211001*2110001*22*4**210
12*111323*1001222*2345*21
1*332*2*321001*11111**33*
12*3*323*2000111112245*53
0124*213*31000001*2*2****
001*211*4*310011213344*42
002220236**1012*101**3331
001*112***3102*3223322**1
012322*4*42014*31**101221
02*3*3232*212**2123210000
02*312*1112*2221001*10122
01110112111121211011212**
00000001*1001*2*10001*222

Field #5:
11222101110
1*2**102*20
23432103*30
1**10013*20
1221002*542
1100002****
*2100124*5*
2*1112*2232
2232*2111*1
1*3*2211111
12*211*2121
01110123*4*
0000001*3**
11111122222
*22*11*1111
12*333212*2
1323**213*2
*3*2222*211
*3110012210
23221001*32
*3**10024**
*3221001**3
11012211332
0001**222*1
000135*3*21
00012**3221
0002*4211*1
0002*200222
001332112*1
001**11*222
0024421111*
222**200011
**24*300000
3313*300011
*103*41113*
1102*3*11**
12221333333
1**212**4*2
1344*35*6*4
13**5*5*5**
*4*7***23*3
14***531111
02*43*10000

Field #6:
001*2*21000001111*12*2112*211012*4*3121212***1002*
002232*2110002*21112*21*323*112*3**4*3*2*33532113*
012*3434*31113*3110222113*3112*44333*42212*3*23*42
01*3***3**11*324*201*3323*3213**3*235*31023*23**4*
12233434442112*3*2012***22*2*223*33****101*212*4*3
*11*11*2**20022322101244332311012*223322232102232*
111222245*2001*11*21101**2*1001232211112**1112*122
0001*11**2100112233*10122211012**22*22*33311*3211*
0012211221000001*2*21000112111*34*43*212*1012*1011
112*101110000001232111212*2*11112**222122200111000
1*21113*200000001*101*2*3232210012211*22*111100000
112111**20000111222011213*33*200001122*2122*100000
001*2233200124*21*1000124*3**200001*111101*2111100
0023*11*1002***22220001**222322110123321122101*111
112*22232113*5311*10001222112*3*1002***32*1001112*
2*4344*3*11*4*212121111212*13*522112*6*3*21000002*
3*4****42112*22*101*22*2*2112**12*212*222210000011
*4*46*5*1001223232322*23221122212*2011101*21011222
*33*6*4122322*2*2**21111*11*10002220000013*202*3**
112***311***212123*31112111111111*10000013*202*33*
0124*5*113*53211024*32*1011101*2323110012*32011222
23*22*32112**2*222***21223*1012*2*3*3123*5*10001*1
**21112*1012222*3*5*3102**211232213*4*4***21011322
*4211121100000113*311013*4201**10012*4**422222*2*1
24*32*22111121213220112*4*20133200012*43113**21322
2**3*3*2*11*2*2*3*312*323*3111*2110023*112**3101*1
*3221212111121213*3*22*1112*1112*1001*211*32100111

Field #7:
0001110123211111*21100012333*212*2*1
0112*101***22*2224*20001****22*43422
01*212234*33*4*11**200013*54222**4*2
122102**3112*3112331000123*3*213**4*
1*1002**211211112*100001*325*412333*
1111122322*3211*2110000113*4**22*111
0112*211*44**2323111110003*5332*3332
01*33*123**33*2*2*33*21102*4*2113***
1223*211*321223123**23*31324*4223**4
*22*210111001*1002*313*5*2*22**3*5*2
3*32311001222110011102**22111223*322
*23*3*1001**21100000013320111001122*
112*422112333*200000001*101*100012*2
1133*11*12*22*2000111022201121223*21
3*3*322224*31121101*212*11233*2**210
**534*21*4*3001*21112*3211***4334421
5**4**2224*20135*21122*11245**32***2
****4321*32101***21*11223*4*6*4*5*4*
23333*112*1001243322212*3*4**3*3*332
0123*21012210123*2*11*212133432213*2
01**210113*311**44212331013*3*1124*3
12233322*3**1235**333**102**3111**3*
*211***2122211*3*4***43202*310012221
3*11232111101233222334*3132311000000
*21000112*101*2*10001**3*2*2*1000011
3321102*421011211000122212121100002*
**2*103**10000111011111100000000114*
2222324*4100002*201*22*2100011101*4*
1101**3*4210002*2012*22*10012*2122*3
*2112333**112221101233443112*22*123*
2*2112*43222**10012*3****11*432222*2
112*12**223*432112*4*4332223**11*211
123322333**45*22*324*21111*333222111
*2**22*13*5***33*32*222*1123*23*311*
2444*4322*32333*4*3344*3101*22***222
1**22**2322001*4*43****30011113*32*1
1221123*2*100113**2234*2000000111111

Field #8:
001*100011111
001110112*11*
1111111*32222
1*11*2223*11*
34322*11*2111
***3211111000
24**201111110
024*312*11*21
01*33*32112*1
1212*3*101232
*201121101*2*
*311000002242
23*2110013*3*
*213*2012**52
2203*301*5*3*
*102*3112*221
11012*1011100

Field #9:
**11***22*213*42101*1112**12*20001110111
*32234*23*31****211111*22223*20002*201*1
232*33213*312333*1000222012*210002*31211
*3*5**113*200013442101*101*321110112*100
13**4311*332212****10122123*11*222111111
0235*31234**3*223322122*11*32223**21111*
01*3**22**7*41112212*4*42323*23*5*22*322
022334*23***2002**13*5*3*2*223**3112*4*1
01*23*4222433223*323*42423111*3221123*21
013*4*5*311*2**2111*44*2*10133212*12*421
112*32***11122321023**221101**11*323*5*1
*11122343200001*113*4210001232112*23**21
12111*22*211002221**2011112*210123*22210
12*112*212*1001*1133312*11*5*201*3220000
1*32122312110011213*3*21113**32222*10000
224*21*2*21111101*4*4343212*4*4*21110111
1*3*212433*11*1013*32****12233**311001*2
2232211**211111002*2135*312*22*33*20012*
1*11*11221000001232213*4313*32223*200022
1111121100001111**21*3**3*435*21*321001*
011101*100112*124*2112223*5***2112*21222
01*11221001*2111*210011223**42111212*2*1
01122*1000112233210112*4*3232112*2132322
0001*21000001***3122*33**201*11*23*4*23*
000222000000125*4*2*4*222102232212**33**
0001*1000000003*4133*3201111*4*311344*43
012321012211234*201*3*213*322***312**22*
01**3223**11***21012333*4**2246*5*222111
013*3**3*32233210001*2*23*32*2***2100000
00113332222*1000000112123321122322121100
22213*311*21101110000001**10111002*4*100
**3*4**23331101*1001111232112*1002**2211
*44*3222**2*32211001*23*2001*321123223*2
12*210012222**10000112**200112*11*101**2

Field #10:
*2*11*11**101**1000112*22***2*22**310000
23211233332113442101*33*3332212*4**10000
2*3112**11*101***10113*4*100001122332100
2*4*34*42322013*310003*411001111111**311
12*3**23*4*21111100002*200002*21*113*3*1
01233324**34*2000111012211112*3212122321
112*21*3*4*3*20001*1001*11*112*102*32*10
*12*322323121100011100111111011213**3221
22112*22*10001121101110000000012*24*42*1
*223333*321002*4*212*1000000113*313*5*31
23***3*22*2223**33*2111110112*4*202*4*31
1*345*42223**335*422002*312*22*3211122*1
1111***22*2233*3*3*1002*3*211223*1000111
00012433*2101*3322110011211001*211000000
000001*32100112*222211221011122200000011
1111122*11121123*2**11**212*32*10112111*
3*32*11112*3*22*33322234*22*5*3102*4*211
**4*210113*312*22*101*12*323**3103*5*200
**311002*42212223331111234*333*102*31211
22211114**11*23*5**11111**5*2111011112*2
013*22*5*31112****311*2233**312210012*3*
02**34**321001233333322*114*32**1001*221
14*43**53*10000002***122202*33*310011211
2**22**4*210001234**411*10223*33110001*1
*44223*42111101***4*3111102*32*2*2111222
2*2*112*101*32234322*210114*31122*23*43*
112233321134**22*1012*212*3*311012*3***2
1101***201**44*21100112*33334*2112122321
*10124*312334*3101110023*3*3**31*1000000
22001223*32*5*4112*3222*3*23**2111000111
*2112*22*3*3**3*12*3**2121113321110112*1
12*12*32132322211113331000112*11*212*422
011223*112*100000001*100002*31112*23*4*3
0012*3212*42000111011111103*311123*323**
001*4*312**10112*212222*102*33*43*3*2222
01345**1233212*223*2**321012*5***222*100
12***3211*11*4321*2234*212122**521011100
1*45442222123**223211*22*2*113*321101121
12*2***2*112*322*2*111222211012*2*101*2*
01244422111*21022423111*1001122221101121
002**21001221001*2*3*3221001*3*111100000
002*4*1002*200011213*4*200123*212*200000
1132311003*42210000114*3012*22223*211111
1*3*200014*6**10000003*301*211*2*321*22*
113*32111****321100002*3233312123*213*31
0012*2*11233211*1000012*2**2*1002*202*20

Field #11:
1*2110012*3*321
112*2111*3*3**1
11212*222223332
2*10112*101*12*
*2223221213233*
112***202*3*2*3
002*5*324*3234*
1121323**322*3*
2*112*2333*2121
*321*211*322011
2*22210112*101*
112*10000122122
12332112222*22*
*3**33*5**22*21
*54**3***312220
**2333343101*10
2211*22*1112110
000224*322*1011
0012*4*42*3211*
001*24**422*122
012212***22222*
01*10124*21*12*

Field #12:
*2001*10012332100001*100111
*201221002****31222211001*2
1112*21002*44*4*3**1112122*
001*4*211322114*42322*2*111
01334*21*2*1013*201*3232210
23**2111243312*221323*11*10
**3211122**3*3111*2*2111110
331001*2*324*30011211000011
*10112132202*3211000000013*
1101*211*2224*4*211000012**
11112*112*3*3**33*210012*32
2*31211013*3345*44*1001*321
2*4*100113*22**4**2211235*2
12*32212*2234*44*311*11***3
0123*2*3211**44*21011114*6*
112*223*31123**321111214**2
1*21113**10014*53*12*3*4*52
222111*3211112***212*435**1
*22*3432013*213443333*3**31
2*33***222**202*3***214*410
12*3333*2*32102*34*4102*310
023*10112221001112*20012*10
12*3222211*1122101121101110
*223*2**11111**21101*211000
122*343311111223*32222*1011
02*4*2*222*10124**3*321102*
13*3123*3*3211**323**10124*
1*21003*634*323210122113**3
1222112***3*4*210000001**4*
12*2*1123222*4*211211012221
2*321100000124*21*2*1011100
2*21222110012*322121101*211
1111**2*1001*22*100000112*1

Field #13:
1222110001*210000000000
2**3*100012*21000000011
2*6*31001233*111100012*
12**32122**4321*10001*3
0123*2*3*33**111112222*
0002233*3112222211**322
0001*34*311001**124*3*1
00012**54*10012211*3432
000024***21000000112**2
11101*332111100000024*3
2*212211111*10000112*3*
2*21*212*122322101*2232
112223*4322*2**433212*3
112*12**2*2123****213**
1*32334332311235432*233
124*3**11*2*12*4*11111*
01**3332112123**2111222
124332*112211*32223*2*1
2*3*4*432**332101**4422
*3*5***3*44**11123**2*1
234**6*312*4432*1122211
1*3**4220112**222100000
112223*200012211*211111
000002*20000000112*11*1
01110111000122211111111
01*112210002**2*1000111
01112**10113*43210112*2
11014*5201*212*1002*32*
*112***212110111002*321
112*4322*10000000012*10
002*3111110000111002220
11212*100000002*2001*10
1*2132200000124*2013331
112*2*1000001**2101**2*

Field #14:
111
2*2
4*3
**2
*31
110
000
000
011
01*
011
000
000
000
121
*2*
132
12*
*21

Field #15:
*100012*11**11*1000012*22*****
221001*22343112211222*3*234543
2*3112222**1002*21**312222*3*1
2**22*11*321002*335*3001*22*32
3443*32211000012*2**31012333*1
**5*54*1000122122323*2101**322
4*****210001**12*2024*201333*2
*4*5*31122112212*201**2012*22*
12121112**310001110233101*3221
0000012*5**101110012*100112*10
222111*23*3102*2001*3221102220
**3*2221122102*201234*3*101*10
3*313*2001*1023311*2**41101110
33202*42111101**11123*32210111
**1012**200001221011212**201*1
3320024*31211000001*1014*30111
2*3112*33*4*101121334223*20000
2*3*12*22**2102*3*2***3*320111
112111111232113*312355*3*112*1
11100011101*23*42001**32111*21
1*11111*1012*4**10013*31101110
2222*43211122*332211112*111111
1*12***212*11222*2*1012322*12*
22212433*22211*3342101*2*3212*
1*1001*2112*2234**1001233*1011
22211111002*21**3210001*432000
*23*32211122222321000123**1011
2*3*3**11*11*112*21001*334323*
112122222223321*3*100224*3**3*
00000012*11**122311002*4*32221
1100001*2123312*311002*3110000
*2121222101*113*3*100222111000
12*2*2*2233211*2211001*11*2110
12222433***1011100001222222*21
2*101**33322111110002*21*1112*
*221345*1001*22*10002*21121111
111*2**422244*211011211001*111
001123*3*3***332212*100113221*
1232111214*522**3*323222*3*443
1***100002*20234*22*2**213****
13*42000011213*322212232114*6*
012*21000112*3*32*10001*212*31
0012*10001*21212*2101233*11110
000111000111000111001**2110000

Field #16:
1*2*22*10113***3*1012*1011212*1000000001*22*100
3333*31223*3***41101*2113*3*21211000001233*2100
**12*312**3335*310011224**32211*2232101*2*22221
221112*24*31*22*100012***434*3323***10123223**1
001111113*31111121112*3322****3*33332101*22**42
112*10013*2000001*11*21112234*32*101*21213*43*1
2*432123*210011112233311*1002222232322*102*2111
*4**33**210001*213*3**2123211*22*2**11110222000
3*5*4**311121323*3*34*312**1112*3323211112*3110
2*424*4101*4*4*212123*21*4431123*113*22*23*4*10
23*12*31112***210012*21223**23*3111**33*22*4332
*212222*1024*532111*2101*333*4*200134*21112*2**
1101*221112*3**3*12220013*223*210013*311111123*
00012*2223*544*4232*11234*22*531112**201*111222
0011212**3***323*2*211***312***22*332102332*2*1
001*2123323433*312110235*3123432*3*10112**21322
1112*11*222*23*2012323*312*11*22232101*234312*3
*1011112*2*4*31112***3*3222224*32*2111111**24**
111121111213*2001*44233*2*11*3*3*22*21112433**3
001*2*100001222233*101*22222122332212*11*2*2221
1222211000112*2**211022312*3211*4*3122211212110
*2*21000112*2233210001*2*22**223***11*101122*10
234*31101*3222*100000112111222*24*5222211*2*221
1*3*3*2122*22*2100111000012212222*3*12*2234322*
2342223*1112*321112*100112**32*2212112*32**2*32
1**211*3200112*22*211002*33*3*4*21121334*43312*
124*224*31100112*2100013*322213*21*2*2**33*1011
113*33**4*2111121100002*44*20011112322223*31011
2*322**5*22*22*32223323*4**31000001*10002*2001*
*3*2224*3112*22**3****213*4*2221001221002220011
122*223*2002332223*5*31122212**22211*3211*11121
0123*2*43223**1123221101*1002333**222**33212*5*
12*2123**3**3211**10000111112*12*5*1134**102***
*321113*4*32100133200001111*22222*3201*32101232
3*101*21212221012*210001*33211*223*323320000011
*2101110001**101*4*200012**1012*12**2**2101222*
110000011112211223*20000122100222244324*202**31
00001223*211101*111100000000002*32**102*213**20
11101**3*32*1012210000111000003**434322112*4332
1*10123322*21001*100001*1000003**4*4**2113*21**
3431001*11110001121100111000002**32***22*432222
***101221001110002*20011100000123224*412**2*100
**5211*32212*32114*3001*100000001*12*3112221111
**4*112**3*22**11**200111011111112233*10111002*
23*21013*311122112210000001*11*101*2*2101*1002*

Field #17:
*2*101*21001*211001111*1000
2311013*201222*2212*1111111
*100002*201*112*2*3220112*2
1111212110111022312*224*32*
001*2*101121101*10112***222
001121101*2*10122101233212*
0000001244421001*101*10002*
0001112****2110111134311121
0001*12*6*32*111101***11*10
11111112*211111*1013*311221
1*10011222222111111322001*1
111112*11*2**20012*2*210111
0002*3234344*2113*543*21000
0002*21***3*212*4***22*2100
00022214**42202*55*3223*111
1101*213*32*1013**222*2111*
*31212*433333112*421*211121
*3*1013**3**3*223*111113*20
1211002*4*33*33*2110001**31
11100133311123*2100000135*2
1*2122**21222*2211011212**2
222*3*5*32**3343*112*3*3232
*1114*523*333***211*23*201*
11002*5*3111*33210122212121
000012**200111000001*101*21
01110122101121100001121323*
01*21211001*2*10000001*3*43
0112*2*1112121100001122*3**
000112112*2111111001*111222
111110003*53*22*21112210011
*11*10002***4*312*101*2212*
3321101122334*20222013*3*32
**21212*2101*3201*2213*323*
222*3*22*1012*2113*4*2111*2
1122*211110123*114**2100111
2*2222001111*2123**31000000
2*32*2223*122201**310000000
123*5*3**421*21122100000000
01*4**43**222*1000001110000
1214**2123*1111000012*10000
*102*310011100000001*210000

Field #18:
**4***2122112321111001**200001*
4**56*21**11***22*21113*3211011
2*4**3212211344*212*2112*3*1000
12333*1012211*211012*1123*32111
24*212211**211100001111*22*11*1
***323*124*20011100012321111233
3432**321*32001*10001**310001**
1*3455*112*21222111113**3210133
12****321222*2*101*10234**1001*
013*44*22*211222123311*23320022
001112*33*31001*22**12221*1112*
12110112*3*100112*4322*21122*32
*3*3122433110011223*23*2001*23*
13*4*2***210001*23*32*21112112*
024*32234*2000123**321101*21011
01**20124*310113*43*111123*1000
1333102**3*102*4*32222*11*32011
*4*2002*321102*32*11*21112*102*
2**201221001232222111211011103*
354201*10112**22*21101*1000002*
***1122101*3343*22*101121101232
*5211*100112*3*211110112*101**1
*200122211012*33121101*43201221
110112*3*21112*2*3*1012**311000
0001*22*22*213232*321123*4*3100
000123432112*2*112*12*3335**111
01123***1002231212112*4**5*411*
12*2**532102*201*10013*5*5*2022
3*323*43*102*212210002*33*3212*
**2012**3112322*210001113*31*32
2210124*202*4*43*21000113*212*2
01111*21102*4**55*42113*421135*
12*11121101235******22***212***
*212122*3322*3*6*6*4*23443*3332
1112*2*3***21213*312111*3*4*222
123*22123*421112221000236*423**
1**32011213*32*11*11111***32*43
245*101*323*3*211222*224*32*4*2
1**21012**21323111*224*312223*2
2453212344212*3*22222**202*3343
2***2*2**2*12*423*22*43212*3***
3*644222221112*24*32*21*2233332
2*4**2100000124*4*3221123*3*210
12*33*1122101*3*422*1001*3*3*10
01111111**101122*11110011212110

Field #19:
*22*1001*113**10
12*33111111**420
012*2*2100245*10
111122*1112**321
*10123322*2333*1
2333**2*4332*211
1***3333**3*2100
123211*234*22110
000001112*422*20
001121103**23*20
001*2*113*32*210
01222111*3211100
23*100123*210000
**21112*22*10000
33113*4211110000
*101***100011100
111355310001*100
112***1112132211
1*224432*4*3*22*
22112**44**312*2
*101*33**3210111

Field #20:
00000111011101*212*2*1012**1
122112*212*10112*2132212*321
1**11*22*21100122212*23*3211
123222232311012*34*312**21*1
001*11*2*2*224*4***302342222
001122343423***324*201*2*11*
11002*4**3*23*31011213231233
*1002*4*4*2111100001*2*101**

Field #21:
1*112*212111*2***12*21112*200012210001*1
1111*33*2*111223212*32*12*20001**1000111
001223*4321012332223*3212220002331112121
001*23*3*1001****2*22*112*10001*112*2*3*
0012*2121101233333211112*421112222*3323*
111111011112*2222*211113*3*12*21*322*122
1*111101*34*32**212*22*213222*212*22334*
1233*1013***313320112*2212*11121224*4***
01**21114*6*202*32111112*311001*11**5*42
0122112*4*53223**4*32112*3110012334*3110
110113*33**2*2*4*5**2*1224*20001**333111
*101*4*2233223234*422111*3*20001222**11*
11012*321*322*12**2001121211011111223221
000012*123**2112*31001*2110112*11*101*10
000012211*32211222000123*212*21111212110
00112*1012211*23*201123*32*21100001*1000
222*211012*1123**302*3**3211112110111011
**3220112*2101*4*202*334*2212*2*1000001*
222*101*322002342101111*4*2*223332101121
112232212*1013**21111112*23221*2**101*10
1*22**1011212**43*11*112322*222343201110
112*3210001*3433*222211*3*22*11*3*111211
122211111122*3*2111*1124*3222123*211*2*1
*4*312*11*222*22111111*4*21*212*33332211
3**3*32212*11222*210123*21124*434***1000
2*3223*2111101*23*212*211002**4**3322121
11212*3*101233212*43*2100002*4*431112*3*
002*3121212***1134**31000001133*112*224*
002*20001*334211**4*2000001112*311*322*3
00123210223*101232211000001*12*3113*22*2
0001**212*21223*211000000011223*102*2122
0001222*21101**22*11110000001*321122101*
11000122111223211112*200000013*312*21111
*21001*101*2*1000113*311122102*3*223*211
3*3111110112110012*213*21**22322112*43*1
2*3*1000001110001*2102*21222**10013**211
12321000012*1000233112211111221123*43211
01*1000001*210112**22*101*100001**22*23*
012321001232101*333*21101110011333112*3*
002**2101*3*1023*1222112221001*2*1001243
013*5*3223*2101*211*33*2**100123211111**
13*33**3*33221211023**222210013*201*2232
*3*213*44*4*2*10002*4222210001**21233*21
1223333*4**33110002*422**111224321*3*22*
113***22*34*20000012**34421*3*5*212*2222
2*3*4211223*31100001223**2224***411112*2
*22111222*323*200011102*43*12****21113*2
121101**33*12*31001*2123*421124*4*11*211
01*101222*2112*100112*12**10001121111100

Field #22:
011100
12*100
2*4210
2*3*10
222121
*3233*
*3***2
234*31
2*3110
3*3000
4*3000
**3100
*5*200
13*311
1212*1
*31111
**3121
**4*3*
23*23*
121122
*1112*
111*32
0024*2
002**2
002*31
112220
*22*31
*22**2
11123*

Field #23:
0111001*2222122**10112*222100
12*100224**2*2*43201*333**222
*211001*4*432212*1012*2*322**
23221012*22*10012210123210122
*2**1001111110001*1001*100000

Field #24:
01*10011100000000001*101111*101*101**10113*312*1
1221001*1111000001121113*211101110233101*3*5*322
1*22322111*2100001*2111**2011101234*2001233**22*
113***20012*11221113*2233112*212****31222*22213*
002*5*32111111**2223*43*112*33*2234*32**3221102*
222122*3*11111222**22**322*4*2111122*333*22*1011
**21012*322*10112333233*24*411012*233*1112*21111
24*200113*31212*11*2*113*4*32333*4*2*210011112*1
02*200002*433*3211132202*312****4*22110000002*42
1222222122***4*31001*10222124443*321011100013**1
1*11**2*113433**21011101*11*2*1112*102*20001*432
12223331223*1134*100012332212110012224*3000223*1
01*11*102**3102*431101**3*201110012*2**31001*322
121111213**2002**4*202344*323*2013*4333*211123*1
*111112*22210014*6*201*3*3*3**201**4*2223*222*32
122*23*543210002**21023*222*4321233*5*32*3*4*32*
13*4*4*****20002331012*210223*11*112***2122**222
1**43*3334*43211*2212*32101*2222232223210024432*
123*2110023***123*2*212*101122*33**21100002**4*2
0011100012*34332*342312110113*4**433*111102***21
000112112*322*2*4*3*2*10013*5*3233*2111*10123332
0001*2*12*21*2213*31211001***2101*210011211123**
00011211222222001221012223442100111001222*11**5*
112221001*11*10112*211**3**10000011101**2222223*
1*2**21011111102*44*213*3221000112*1012222*10011
22334*1112111112**3*201110111002*31211012*210000
*11*3211*2*12*2233211111012*2102*201*101*2100111
1112*10123212*21*21112*222*4*11221011112321001*1
111221001*10112222*23*4*2*4*311*1011101*3*200111
*22*10112110012*2212**31224*2023311*10224*200111
24*4212*211002*5*201221002*3112**111101*211113*2
1***11*22*1013*4*310000113*201*3211110112111*3*3
2343221111212*222*223212*3122321013*20001*11123*
1*12*201112*4231223***22*212**1123**20112221013*
2212*201*13*4*2*22*5**21111*4321**53201*22*112*2
*1133201223*3122*214*52111323*224*4*1024*4221*21
111**1002*3221012224*4*12*3*22*13*41101**3*22232
111222123*21*2111*2**3112*3111112*321112233*11**
*11111*3*21223*1112222111111221012*2*10001*21133
111*223*2101*212110112*21212**20011323110122101*
00112*2121111112*101*212*2*34*201111*2*1012*1011
001121101*22111*32111101123*42201*12354311*21000
112*100012*2*1112*100000125*4*222322****22110011
2*21100113231100222001222***32*3*2*33445*200112*
*2211112*2*210113*3101**34*3224*322*22*4*2013*31
111*11*2233*101*4**112334*421*3*32322*5*4201**20
001111111*432023*5421*11***122312**223***1012210
0000000012**101*3**1111123211*1013*21*3321000000

Field #25:
1101221124**10002*2001*11110002**
*211**22***310002*3111123*21113*4
2*234*22*5311122333*1002**43*34*2
12*2*3212*223*4**2*21003*6**4**31
01133*2122*2***422110013*4*45**41
0012*23*21234**31101112*3212****3
122*223*201*2222*113*34*4102344**
*2*211*321221001122**5***201*1233
1211023*11*1000001*34**6*201111*1
011101*32222001122212*4*431000111
01*2244*22*2102*3*212122**1000111
0113***6*43*102*323*11122321112*1
0002*5****21101111*211*101*11*211

Field #26:
*11*2*1112*112*10000001*2**2111001****1
11223223*3111*321222111134*32*21025*631
001*11*3*20123*11**3*2111*33*4*112***21
001112342101*32113*313*2123*4*322*455*2
001111**21012*21011214*411*24*31*23**3*
222*1124*20012*11233*3**33223*21223*321
**211002*21112222***3334**11*3212*32210
33100001222*11*23*54*22*321112*24*31*10
*11110001*211223*5*312*21000012*3*22231
111*1111123211*33**30112110122212112*3*
002221*102**1234*4*31002*201**111102*31
001*222102*311**222*1002*2012222*101110
00113*2001110122213220011100001*2211011
00002*20000000001*2*10000000001111*101*

Field #27:
*2*2*111113*3101*211000002*20111000001110012210
1212112*21***10112*1000113*201*1000001*1001**10
0000003*3123210001110001*3220123221101110012210
0111002*311111000011100112*1001**3*200000011100
01*222212*11*221101*10001221112224*41111112*210
0235**1122112*2*102331001*213*2002**11*11*33*21
01***411*1112132212**210112*4*5211221111113*54*
0124*311222*101*22*33*2121335***21221001112***2
12222*101*2111222*22222*2*2**45*32**3211*113542
3**11121322124*21111*11121234*33*223**123422**1
**41002*3*12***3100111000001*3*211012222***2221
**31102*3112*44*20000111000123210000002*4321000
443*10122101112*322112*111101*100000124*2000000
**212111*10112222**11*432*11221001111**32001110
23211*111112*2*1233223**3222*22211*1123*2222*10
01*12342112*22122*11*335*32*33**111211224**2110
02332***11*21012*21223*5**32*3331001*11*4*53321
02**33532112222*3201*22***2112*1000122213*4***3
13*32*2*3211**43*11221234210022200001*10113****
*3221123**113*4*433*201*112222*100001110001356*
23*21002*310113**3**202221**3*22110111000001**2
*33*1001110000123*32101*235*4122*113*2111012321
3*3110000000011111100013*3**201*321**21*212*310
4*300000000001*101110013*3332124*2234223*22**10
**3001232100011212*2122*322*22*3*21*3*22*212210
**2112***1001111*212*3*43*33*21322113*211101110
*522*24*52101*11110113**323*3323*10011101111*10
*4*2112*3*101110001111234*32*4**210000013*21110
2*21001121100000001*1001**212**310000001**20000

Field #28:
1100000
*321000
3**2100
*34*310
223**21
1*334*1
224*532
1*3***2
11224*2
0111111
01*1000
1222221
1*11**1
2221332
1*101*1
1122432
001***1

Field #29:
02*21*100001**
03*42110011222
25**100001*210
***31000012*10
5*410111112221
**3101*22*11*1
34*10112*32111
*21212233*1000
1112*3**423221
001*3*5*4*3**1
001122*23*3221
01110122211111
12*1001*2111*1
*21100112*1111
11000000111000

Field #30:
01*22210011101**22*32*11*100111001**12***102*2
0123**1002*2013*22*3*21222012*21113322*42103*4
012*321003*4112221121102*201*33*211*11221002**
01*2100124*4*11*10011113*2123*23*211101*100122
01110123**3*21111002*33*311*2112*3110011101110
011102**322110000002*3**2022200113*21222111*21
23*102*32110001110011233201*111102*32**3*212*1
**3102221*21101*1000012*101111*1012*2223*31122
4*3102*4322*2111211113*421122211001110023*101*
*4*102***212*1123*11*3*3*22**11110011101*22121
3*321224*311111**22223232*22322*2102*312111*21
3*43*1012*222123322*22*111102*32*212*5*20123*1
*4**2101222**22*12*5*31100002*322*233**201*211
*4331123*1134*2112*4*200000012*112*3*421012221
24*202**3211*21002231101232212110113*321101*2*
*4*202*33*43321113*20112***3*22321013*4*201232
*31101112***2*11*3*201*23*4*22***1002*4*2001*1

Field #31:
01*11**10001221122100000012*1000
011112210012**21**10011101*22121
01110000002*6*31221001*101222*2*
12*10000002*4*2011111211001*3232
*3210000012222211*11*2100012*11*
2*10001112*201*112222*1000011111
1110001*35*3122113*2111001110000
00111012***21*101**2012211*10000
013*211234422110122101**21110000
01**21*11*2*11110000014*52101232
01221111123222*10012223***101***
0000000001*12*31112**2*4*53113*4
0000011212112*201*3433122**2112*
000001*2*111212244*2*221223*1133
12110123322*212***222*2*102232**
*3*2001*3*323*23*3112233311*2*32
13*200224*21*3211212*22**2212221
1332001*32234*2113*312*33*1012*1
1**10023*12**4*11**3011111113*31
2332111*223*4*2235*421000001**30
1*11*11223*32111**4**10111014*30
11111112*3*200125*533113*3102*20
1232101*3321112*4*4*101***101110
2***10113*201*22*3*3212332222100
*33222213*301122233*22*1002**100
11001**23*42222*22*3*222102*3100
011113*22*3**2*22*22111*33332100
01*101222122221222100012***4*311
1333101*21000001*111100135*5*4*2
*2**2112*1011101111*10002*5*34*3
1223*1011101*100001110002**22*3*

Field #32:
00000001*11*1
1221000111122
2**310111012*
*4**102*201*3
2332224*3113*
2*322**3*102*
4**2*32222111
**3212111*100
*31001*122200
110002343*210
000002***5*20
000113*54**20
0001*212*4432
110112122*2**
*10001*221233
1100012*2101*
11000012*2121
*312110112*10
*4*3*10001110
3*5*210012210
2**320001**10
134*100123221
02*32222*113*
02*32**3111**
122*23*200122
*111111100000

Field #33:
0001122*223*12**201**3211000000112121212*1000002*
1101*3*32**324**3224**2*11110002*3*2*4*311011102*
*22323*21333*3*4*2*2344333*21103*5333**20001*1011
12**222102*3121212111**3**22*212**2*3321111122211
13433*2002*32221111124*322113*213332*1002*212*2*1
2**24*41023*2**11*11*32100002*202*2122102*32*2211
2*5*4**101*2222111112*10001121113*201*21212*21000
113*43422221000000012321012*2111*321223*102220011
00113*3*2*2111221113*5*212*22*3322*22*21112*1001*
11002*31212*23**11*3***31*2112**2113*43211*210122
*21222100123*3*3112334*21110013*2002*4**1111001*1
12*2*21101*22321001*22210112111110012*32100111122
011212*101111*1000112*1001*2*100000011100001*101*

Field #34:
00001*11111*4*3*21211000
11001111*223**312*2*1111
*100000112*22210112111*1

Field #35:
*21110000001*101*10002*4**1000
*21*100000011101110002*4*31000
221121100001110111011334321000
*1001*100001*101*213*4**2*1111
110011100001110112*3*4*32111*1

Field #36:
*32123*3*2*112222*
**2*2**323211**2*2
*32234322*42222211
1112*2*12***211000
001*221123433*2100
112110001*22*3*100
1*321001344*442111
23**3213***5**101*
1*4**2*3*43**31011

Field #37:
11001*2*101*2*
*1001232112332
110001*211*2*1
1111112*112332
*22*3222212*3*
3*32**22*12*31
2*33443*211110
222**2*2211111
*21222222*11*1
*311001*222211
23*1002221*111
*421001*11112*
**10001110002*

Field #38:
2**22**4321001*2
*44*23****21122*
2*222235**32*111
1111*22*434*4210
01123*312*3*3*10
01*23*3111213220
0112*3*210001*21
0001122*1111112*
0000012211*21111
011212*10112*100
01*3*21112333210
012*33222***2*21
11213**2*443212*
1*102*3323*10122
22312122*33312*3
1*3*312*44**12**
223*4*22**532122
*223*2114*5*1000
23*321124**31000
*22*101**4*20011
111221233322001*
1212*11*12*20011
*2*2111223*31000
12110013*33*2000
0000012**43*2000
000001*4**211000

Field #39:
01*101123*20000000123*11*2*3*20000002*20000
011223*2**301111112**2223323*20123223*32210
0001**223*201*12*22*311*3*221112***3*22**21
0001232122201112*4332123*3*1012*46*4233322*
000002*43*2211123**2*12*543222*3*3*21**1122
000002***3*3*22*3233212***3*3*33133322322*1
001222243313*22*201*1013433*32*112**101*211
001**102*201111110111001*11111233*432022200
00233224*2011100001121122200001**22*101*100
122*22**2101*222101*2*12*200001221112122210
*3*4*222100123**10223223*311111111012*22*10
*33*311122222*32212*22*212*11*11*101*4*3220
112*212*3**3*3101*22*3221221222112122*44*10
001111*23*44*200111112*11*102*2001*112**210
0000122123*322000000123221213*2001110122100
00124*212*22*32211112*2*212*211000012321000
113***21*2112**2*23*31223*2110000001***1000
1*3*4211111134432*3*2001*211121222123421111
11211000001*2**1112121222101*2*2**11*2101*2
000000000011222100001*2*1001121222112*1012*

Field #40:
1101*2*101**22122*10002**2**21001*23*3*11111***1
*11222121223*2*2*331213*3223*111323**4111*236*41
221*1113*20123333*2*2*223322112*4*33*200112***31
*22211*4*3001*2*32323111***1002*5*3112110024532*
24*20113*2113343*12*2012443222213*2123*2101**211
*3*20002332*2**3212*201*3*12**212112**3*1013*211
12110012**31334*21222112*212*32*2223*4321001111*
0000001*5*301*212*22*101111221223**312*100000011
001110124*31122112*32100001*212*23*2011100012210
001*2101*4*212*2224*322100112*21222111100002**21
0012*1135*43*33*2*3*4**1000011112*102*200002*4*1
0012211***5*22*22233*44321112122*2113*2000011211
111*10124**3221101*33*2**21*3*4*3101*32000011100
*11221112223*2000123*344*212*5**20012*211002*200
1102*33*3102*201222*3*2*21123**31000112*2224*411
0002**3**1011101**422243202*4332110000112**3*4*2
00024432211121113**101**103*4*11*2111222343213*2
0123**20001*2*2123310245312*312233*11**2**101221
01**4*20012223*21*1001***222211*3*21123332101*10
0122211001*102*2111001233*11*112*210001*10001110

Field #41:
00000001*1

Field #42:
2*4*4**1000122100112*2*2*2*210
3*5**3210001**1002*31323123*42
2*4321000001222123*201*2102***
23*210001110002*3*21123*102342
1*3*10012*21102*31112*21101*10
11333101*22*10111001*321112110
111**10122211000001234*32*2211
*22332001*211011101*2**4*5*3*1
3*11*100123*222*322234*43**421
*211111111*3*3*5**33*22*444*21
1112211*112323**33**3112**23*2
012**222101*2333113*20012223*2
01*433*10134*3*100222001111*32
0112*21102**6*31001*1001*2222*
0001221002****201232112433*222
11001*10014*53211**212***212*1
*2111110002*22*43322*34*310122
23*10112222223***32212*210001*
*31212*2**12*3233**21212110011
*311*4332212*3101333*112*10000
3*223**100013*3111*3211*222210
2*32*32222114*4*223*102222**10
34*21112**12**312*21101*23*421
**22111*5533*310111001222*22*1
*423*212***42212110002*2222111
12*3*21234**11*2*21002*32*2221
1344212*224532122*101222*22**2
2***102*21***22122211*2221123*
*443101111245*3*11*1113*200022
23*101232212**322211002*31112*
*21102***2*33223*20001222*11*2
110002*4222*101**20001*1111111

Field #43:
*33*101*21
2**310112*
13*2000011
0112110111
0001*213*2
000123*4*3
11102*33*2
2*102*3333
*21013*4**
111112*4*3
001*222211
11223*1000
*11*211000

Field #44:
0001*
00022
0112*
12*21
1*321
235*2
1***2
23332
*101*
11022
1113*
*11**
23243
*2*3*
233*2
1*211
11111
0001*
12232
2**2*
*3343
112**
113**
2*443
*4**1
2*431
13*20
02*31
1345*
1****
12443
112*2
1*44*
13**3
03*5*
14*41
2**30
*4*31
233*1
1*321
12*21
1223*
1*12*

Field #45:
000
000
111
1*1
111
000
011
12*
*32
23*
*21
221
1*1
221
*21
3*2
2*2

Field #46:
12**3**11*12*200001*1000111
1*44*5421112*310001110002*3
12*45**311233*21000000113**
012*****12**23*21111111*233
0134433334*312*21*12*32222*
01**4322**3101223222*3*11*2
013****23*31101*2*111211111
12445442212*101121100000111
2***3*3*10111111000000112*1
3*524*41211012*10000001*211
2*314*312*212*2100001132311
113*4*21*34*311000112*2*2*1
002*323322**3100001*2121211
111111**3444*33211221000000
*2100124***22***21*10111000
2*100002*532124*211212*1000
1222110112*212332112*212110
01*2*1011224*3**11*21101*10
13331113*21**32211111112342
1**2111**312210000123*22***
2322*113*2001110112**22*332
*211121333101*101*333122211
2*1112*2**223210113*311*11*
2211*223322**200002**111111
*101123*2013*20000122211111
221001**20122100000001*22*1
1*321122212*21123210012*222
23**10013*54*22***21001123*
2*432101****3*23*4*100001**
2*21*2133433433223220000122
111112*2*101**3*32*10011100
111012221112323*3*21001*100
1*101*10001*112221101132311
11101110001112*322211*2*2*1
00001110001113**3**32232311
11002*31102*22*5*4*3*12*200
*1002*4*202*213*3212112*200
1100113*2011114*30122222211
12210011100012**312**3*12*2
2**1000000001*434*334*323*3
*32100000000112*4*31*4*12*2
11011211000111224*224*53222
0001*2*11222*22*2112****32*
000112233**23*322102*6***31
0000001**4223*22*3112*34*31
00001123*201*334**1011112*1
00112*2221123*3**4211121222
001*212*101*22*322*11*2*11*

Field #47:
1*1011112*1
12211*22*21
01*1113*420
1211002**21
*21111123*1
2*11*212221
232212*2*21
*2*211233*1
122*101*211

Field #48:
1*100112111*1113*311**21*10
222012*4*21223*4**113*21110
1*211*3**201*3*322101110111
23*1112221011322000000012*1
*3332100011101*100000002*31
3*2**10001*2112210000013*20
*2234321112*101*1011213*421
1212**2*10112132312*3*4*3*1
12*3322121212*2*3*43*5*5421
*22*11222*2*32313**22****10
111111**32312*1012211233210
011101222*11221001110000000
01*210001222*10001*21001121
024*432212*21100012*1001*3*
01*****3*3110111002231123*2
24443323*20001*1001*3*11*21
***11123320113220012*432110
23211*2**101*2*100012**1000

Field #49:
0001*1112*1001**11*100001111*11222*1001*
0124332*32200122111100002*32222**2110011
02***2*22*100000011100002**11*2221011211
03*522111221000113*31212232111101111*2*1
13*2011112*10001*3*3*3*3*20111001*221222
1*4311*22*21000123222*23*201*10013*4223*
12**1223*22221123*1011233313232212***3**
124332*2111**11**320001**2*2*2**1124*322
1*3*3*31002331123*3221333212122321122100
13*33*20001*333233**3*4*10000001*34*3110
02*211211012****3*423**3200001122***3*10
0111112*100124544*21233*100001*112322221
00001*21100001**3344*32211110111000012*1
00012332100001233****3*213*2000111001*32
1112*5**11221012*4432223*3*21222*21113*3
1*23***422**112*3*11111*23221**213*203**
112*4432*22322*22111*11122*2343102*202*3
00113*211212*333100112111*34**1002220122
00003*3001*212**211001*2212**41112*1001*
00002*20022202343*10013*2024*323*2121111
1111232101*113*3*221102*213*43**3212*321
2*11*2*101111**6322*213432***223*23*5**2
*3322211011125***23*31***34531012*4**4*2
3*5*311001*11**6*22*212322**2000124*4321
4***4*101232223*21112111134*311111*22*10
**5*31112*2*211121112*11*2*3*11*11111110
23432012*223*3112*32*2111213221110111000
01**112*3202*3*12*3*21000112*112323*3121
023311*3*10113221121101111*2111***4*4*3*
13*31212232101*22221101*11221012323*32*2
*3*4*1001**21113**2*1011101*210112221122
133*2112444*2113*53210000124*201*2*2111*
01*2212***212*12*5*2000001*3*3112433*111
13322*33*42011112**4110001122*101**21100
1**13*312*10000013*3*1111000111012221100
12213*41111000000112122*321001122223*200
12223**101221001110002*4**1001*3**2**321
*4**223222**1112*10114*42210012*32223*2*
2**3112*3*4211*21101*4*41000001110001232
232101*34*212321122213**21000001121102*2
*100012*2111**101**10123*1000001*2*102*2

Field #50:
3*3*334*201*10000012334*2111
**32****20111011212*****33*2
*31123321000001*2*35**545**2
110111111000001122*4*42***52
0001*22*111111100114*4235*4*
00012*2111*23*201112*3*23*31
00112121112*3*322*11245*5320
001*212*322122*2*2101*****20
12222*22**211233210012334*31
*2*1122334*11*2*2100000012*1
122223*4*3234332*22221000233
113*3**5*31***222*2**21101**
2*3*4334*31233*1223222*21333
*3312*12*20001123*200123*2*1
3*10111111000012**42101*2211
*32111000111012*45**20223110
2*11*10001*101*3*3**201*2*10

Field #51:
*
1
0
0
0
0
0
0
0
0
1
*
2
*
1
0
0
0
0
0
0
0
0
0
0
0
0
0
1
*
1
0
0
0
0
0
0
0
0
0
0
1
*
2
*

Field #52:
01110112*2*3**10000000001*3***2211011
01*211*2122*43200000000023*454*2*223*
012*111100113*20111000001*3*3*4312**2
0011100000013*312*10112132313**112332
000000000013*32*21101*2*2*1024421*11*
01121100002**2222111223232212**322122
01*2*100002*311*11*11*11*11*23*3*101*

Field #53:
01*101*101*10111000001*11*1
12110111123211*100000111222
*22222111*2*1111011211112*2
2*2**2*34332210012*3*11*22*
1123332***12*3123*4*2122211
1112*1124322*3*3**41101*100
*11*32001*112323**411012210
2334*31112211*113*3*1001*21
1**3*3*101*11110112110012*1

Field #54:
111*212*2*10000000001**1112*1
*1113*4231100111012233311*322
11003*6*211213*201**4*22322*2
11102***21*2*3*2024**22**323*
1*1123322222233222*33223*5*31
2221*2101*223*3*3*322*112**20
1*123*10223**33*312*322233210
2211*3201*23*2222012*23**3110
*1012*101111111*100112***3*10

Field #55:
110000001122*3*101*2111111*2*10
*11111111*2*4*431112*11*1223110
111*12*21134*5**1001111112*2122
001223*2112***432221011103*32**
0002*3111*3343*22**212*213*33*3
0003*412222*112*2222*212*23*311
0014*5*4*211101111121212223*311
112***4**200011113*201*22*212*1
*23*5*32210113*21**3123*2110111
2*3231100002*4*3233*11*22110111
223*11110114*412*11111111*112*1
2*3111*323*4*202220000001123*42
2*31112**3*31212*1001110001***1
235*2012233312*311001*101123431
2***300001**12*2000133201*11*21
2*6*2000012212220112**1133212*1
12*33111110001*212*23321**11221
012*2*11*3211233*3211*112323*20
001121112**11*2*3*10122101*4*30
0111001133311121222101*21213*20
12*1001*3*21110012*11222*101110
*32200125*32*2012*211*112210011
12*21101**22*201*33122212*2001*
0112*101221111012*2*11*12*20011

Field #56:
1**3*22*221
123*33*3*2*
1112*212121
*2121211000
12*101*1000
02332221000
01**4*31000
2333***1011
**12342102*
*311*11113*
2201222*12*
*2101*21111
2*323220000
23**2*21111
2*64434*23*
3***2**22**
*3322222232
12121212*10
01*3*3*3110
134*33*2000
*2**2123221
1333102**2*
01*2112*321
0112*111100

Field #57:
*2*2*1
121211
000011
12222*
2**3*2
*33*21
111110
123210
2***21
*5*5*2
13*32*
012221
001*10
012210
02*200
13*311
2*33*1
*32*21
*32231
*21*2*
111121
110011
*1112*
111*21
012221
12*22*
1*3*21
113331
001**1
001221
000122
0013**
001**3
112232
1*211*
12*111

Field #58:
000
011
23*
**2
221
111
3*2
**2
332
1*1

Field #59:
**1012*21102*31001110012*2*101110000
*3102*32*212**1013*3122*221101*10000
11124*212*2232101**3*3*3200002220000
233**210112*100023323*4*221212*10000
***43200002331001*213*32*3*3*3110000
*422*111112**211212*32212*23*3100000
1112222*34*5*32*22322*2121113*200000
122*12*4***423*33**1112*21002*200011
*2*323*34**21*4*33322223*4223320001*
1213*3112*3112*22*11**23***2**100022
0002*311222001111111222*34332210001*
000223*22*1000000000001112*211101121
0001*213*31011211000000002*21*112*10
11111102*3112*3*2100011112212221*321
1*21001333*12*32*11122*23*312*3322*1
12*1001**3211233212*4*4*3*3*22**2221
011101245*2001**213*4*31212111222*21
000001*3**3111233*33432000000000112*
00000113*32*1002*4*4**21100001111121
0000000111122214*43**43*100012*11*21
011211000001*2*3*34*42*321001*3334*2
01*2*2212111132312**3212*322334**4*3
01122*2*2*2101*21345*1012**2**4*34*4
1100123333*21223*2**221112345*3112**
*20012*3*433*22*443211*1012**2111222
*2001*34**3*32*3**10012322*33212*321
2221212*323*21122211111**3222*13**2*
1*2*1012211110000012*1123*12*312*321
22422001*2100111001*32223324*3012210
1*2*32223*1113*311124*4**3*4*3102*31
1134**2*3322*3*3*102**4*5*4*4*114*4*
001**543*3*212121214*5335*42*223**31
0013**4*4*43100001*5*4*3**21111**310
111123**32**1001122**423*42000122100
1*11122222321012*1123*333*1000011100
1111*1001*21224*321224**32101111*100
01232111334*3***21*2*3*5*3122*111222
01**101*2**23*6421121213*3*3*42123**
01332122222112**111101121213**12**32
001*11*10000012211*101*100012212*310

Field #60:
2*11*102**10001222121111101*2*112*221100011102*3
*2111102*310002**3*4*12*20113221*4*2*11111*103**
110000011100003*44**423*42111*223*22122*111102*3
011211011101123*34***22**3*2222*332101*210000111
01*2*101*101*2*33**6*324*412*112*3*2011101110000
0112110222122212*4*32*12*312111234*2001122*10000
11111001*11*10012322232213*2001*2*32212*3*421221
*22*1013321110112*11*3*203*42132434*2*213**11**2
13*3101**100002*421113*202**2*2*2**431101332123*
13*200134432102**10002220122212234**210013*21132
1*210001****2123211111*210001111*223*2111**31*2*
233211013*5*21*1012*112*21101*11121323*113*22231
2**2*1002231111102*310123*10111001*3*21102233*20
2*3222101*10000002*21111*3200111012*321001*2**31
12211*102221122211122*112*2111*100123*210234322*
01*111112*11*2**1112*210112*11221001*4*212**2111
13221112*311233323*312110123211*112323*32*33*100
*2*11*23*3111*33*3*201*112*2*11122**1123*2223321
132334*322*112**221101112*3212111*33322*322*2**3
01*2**4*21110123210000013*2123*11111**444*3234**
0112223*20000001*1000001*211**21000123***22*12*3

Field #61:
1
*
1
0
1
*
1
0
0
1
*
*
1
0
0
0
0
0
0
0

Field #62:
1*21000
23*2110
*212*21
221123*
2*212*3
*33*33*
*33*22*
2*32222
12*12*3
02223**
02*22*3
13*2111
1*21000
1110000
0000000
0000000
0123210
02***31
02*5**1
0112232
221001*
**20011
3*31211
112*2*2
001233*
0012*21
001*210
0011100
1110000
1*22221
112**2*

Field #63:
001110001**4**11*3210000000
112*2112334**4223**10111000
1*23*21**12*4*22*43201*2100
2212*3232111212*22*2233*111
*10112*1000122211123**3111*
110001121101**10112*5*30011
11111112*10122213*314*53321
1*22*12*3100001*4*314*****1
12*2112*31100023*33*3**4321
022211212*21223*4*312221000
01*11*10112*2**23*200000000

Field #64:
110001**2*100002*20000000000001****210000112***
*111112221111225*300011101111234444*422112*324*
221*10000001*3***20002*201*22**2*23***4*22*3232
*122311000012*44310013*2123*334333*344**3223**1
111*2*100111112*21001*211*213*3*3*333*45*21*321
0011222112*21023*100111012212*43*22**34**312332
221001*22*3*112*3200001111*2333*211223***213***
**200113*43111*3*100124*2234**32100113*4211***4
3*200003**10012332101***21**34*32211*211001233*
22201113*411112*4*201232123312*3**1111000000011
2*101*12*201*24*6*20000001*11222343100001111221
*2213222331123***222210012212*312**100001*11**2
221*4*21**101*33211**2102*314*4*22210122211123*
*123**323210123210123*102*3*3*31100001**2110022
223*422*100001**2000122111212110000001222*1002*
1*4*32321000013*200002*20000122100000000222002*
12*34**421000122100002*211113**2123322111*11121
0223*****10002*3110012322*11***44****2*11111*10
12*33334320003*4*1012*3*4332233***5533221001110
*32*1001*10003*41102*33*3**1001233*3*22*1001221
*4322111110113*20002*21233210000013*5*311002**1
2**11*100001*33210011101*1001122213*5*200002*31
1221111001233*3*3111110111112*2**23*42100112221
0000000001**313*4*21*100013*31224*44*21111*12*2
00000000013*20113*21110001**20002**3*21*11112*2

Field #65:
00012211*2*12*2001*1000112*2**223210
1101**1113233*2001110001*323223***10
*101221001*2*2100001111223*2002*5320
22000000011322000001*12*22*211212*10
*21100011212*1011212112*32111*102220
23*10001*2*22322*2*21112*21112211*10
1*32100112111**21212*11223*201*11110
222*2101110134310012322*12*311110111
*112*101*102**10112*2*32112*100001*2
110123221114*5312*3243*221322000012*
11101**1001***4*312*3*3*2*3*10000011
1*11343211124*4*2013*43223*321100000
1111**11*32112432114*5*202*32*210000
000233112**112**11*4*5*20123*3*21111
0112*21112211*432114*411112*2212*11*
12*212*10001222*1002*3212*2110011111
2*3112210001*11110012*3*322100000000
2*311*10111222000011224*21*101121100
12*112322*22*101222*11*2111101*2*321
012211**22*22322**322111000001233**1
001*123422111**2333*22211111112*4432
124322*4*10012222*434**34*21*12**2*1
2***23**31000001*4**4*4***3122222322
*543*34*200000023*33*3445*201*1001*1
**123*2111110001*21112**212122210111
2212*42001*1000111000122101*11*10111
0002**2111110000111000012332122201*1
0113333*322210002*200001***101*10111
01*3*23**2**10125*3001124*4101110000
123*4*344322102***2001*24*3000011100
2*33*22**200114**4200112**300001*111
*22*2113*3112*5*5*2100013*200001111*
122210023*22*3**42*11110111000001121
12*21102*33*323*32211*10001110001*10
*212*102*22*20112*101110001*10001110

Field #66:
**111100
3322*100
*22*2100
4*422000
**5*2000
4*4*3110
*4312*10
**211221
34*211*1
*23*3221
223*4*10
1*23*421
1223*3*1
12*32322
*22*11*1
22322222
1*2*11*2
2231124*
2*2012**
4*412*32
**3*2110
33211011
*101111*
1101*111
12121211
*3*201*1
13*20111
13220111
*3*101*1
2*322332
112*2**1
12322232
2**1002*
*422123*
*301*2*2
*3122211
*21*1000
11222000
001*1011
0122101*
23*10011
**320000
23*10000

Field #67:
11111000000000001*2*322*211110001*11*10000
*12*2000011100002232**33*11*11111111110111
222*200001*211122*2335*4232211*100000001*1
*2222211023*22*2*3*2*4*4*2*101111121211233
2*11*3*311*4*212133423*4231100001*2*3*33**
111124**233*320001**1112*101110022313**4*3
11212*33*3*4*100012210011102*3111*1124*421
2*3*21123*3*3321011212111223*3*12232*22*10
2*311001*2213**212*3*2*23**213232*3*311121
1110000122102**21*4*3312**3101*2*34*20001*
011100001*21222112*3*101221002232*22210011
12*10000113*200001132201111111*11111*10000
1*210000002*31000001*211*11*11110012221100
222001110123*32100012*1112332112222*11*210
1*1001*101*23**21110111001**12*3**32224*20
2220011223323**31*101110013322*444*33*3*20
1*111101**4*44*212322*10001*123*2*4**22110
3332*21234**4*3201**2110002221*332*3210000
**3*22*11*33*5*313342100001*223*1111000111
3*31122223322**5*2*2*21000123*2221012323*2
222001*11**113**33122*211001*223*201***3*2
1*10011112210134*100113*3111112**301354422
111000011100013*4200002*3*21113**4233**2*2
11100001*11111***1000011213*32*5*4***3222*
1*211112111*123421122101112**44*4*4*421011
224*32*1001111*1001**212*1134**3*2223*1000
1*4*3*3210000122112323*42201*3232201*33210
23*3323*3211112*11*212*4*2011212*10112**31
*213*22**2*23*42212*1113*21222*22210013*3*
1102*223322*4*4*20111012223**2111*10001132
0012212*2012*23*2000013*32**4222211111112*
002*213*20022212210001***23*32**2112*11*32
002*44*42223*223*111112432223*33*11*4322*2
0123***3*2**22**322*1112*11*21111112**212*
13*32322133311222*2111*21222100011224*2011
2**2000012*100001110122223*211013*3*321000
*43101222*33111110001*12**32*212**32*11121
2*1001**22*2*11*10001112**2112*22211111*2*

Field #68:
11000
*3100
**200
**411
3*4*2
235*2
1**21
12321
012*1
02*31
02*20
01110
12110
*3*31
24*4*
*334*
2*2*2
12432
01**1

Field #69:
1100002**11*112*2111**222333*2*23*2000001*10
*111113*312233*32*2233*2****433*3*3223222321
112*21*2102*3**2112*1112234*3*3232*2***3*4*1
002*3211002*4321002331000011223*11122323**32
0024*2000023*101222**100000001*32100000123*1
001**411222*2101**22210011100123*21100000111
1124**23**211001221011102*31101*23*200111011
3*23*5*3*432211112111*103*4*102233*3212*223*
**34*52212**3*32*2*111214*41102*4*3*2*323**2
*32***1002444**21322001*3*20113**232312*2221
1112321001**233313*2001121112*22211*11221011
00111112122211*2*5*410001111*210012222*3211*
222*11*3*10002344***21001*12220001*11*3**111
**21112*320001**3**4*2101111*100022212332100
22100134*111112222234*200001122211*101*32222
000001**432*10000001**41011112**1111012**2**
2210124**3*2111100013**102*21*33221112332333
**101*23*54322*10111233113*32222*2*23**101*1
222121112***3*3212*11*101*3*11*2122*3*311221
112*100013*33*21*212221011322122101121101*21
2*311012222221222102*200012*101*1001221012*2
3*20013**11*112*1113*21122*321111002**10023*
*21113**422222*323*4222*4*32*2100002*31112*2
2312*3**21*11*22*3**11*4**212*1000011101*211
*2*324342211112222332125*5211110000000011100
1223*3*4*312111*101*211**4*20000000000000011
001*24*6*3*3*2333133*11235*3111111000112111*
013434**332*22**3*2*33233**21*23*20001*3*321
01***3*4*222113*3122*2***421112**2001223**10
0123221212*2101110012334*200001343102*223310
00111000012*100001122*2222110112**114*31*210
112*32222111100012*2*22*11*211*22222**313*20
1*22**2**21212111*232212222*2211012*4*213*31
1111222333*2*3*32111*322*223*21002*55321*3*1
00011212*21213**21113**212*22*1013****111211
0001*2*2110112222*103*53221111101*4432211011
000224220001*10022202*3**310001122*1001*212*
0001*2*1000111001*101123**10001*11110012*12*

Field #70:
00012*100000000
1101*3200001221
*1135*201112**1
111***312*12*31
0012322*2122210
00000133201*100
000112**1122100
1101*22211*1000
*21222100122100
12*12*20001*100
12112*211112210
*1012211*101*10
1112*1011101110
123*43210000000
*2**3**10001110
122222210001*10

Field #71:
11222101111*2100
2*4**211*112*100
3**34*2111123210
*3223*31013*3*10
1101*3*212**5210
0001133*12***311
011112*2124**4*2
01*22*3201*555*2
0113*4*2223***42
0002*32*2*34***2
0001111122*2233*
0111000001111232
01*1000000113**1
01121211112*4*52
0001*2*11*334**2
1101121223*2*33*
*2121112*2232111
12*2*22*212*2000
01122*21213*3110
111122101*212*10
1*23*42222101121
112****3*421112*
0024*423***22*32
012*22134*43*22*
01*211*2*3*22343
0111011212111***
000000122100124*
0000001**1011222
000011222102*3*1
00001*111113*311
01111111*11*3221
12*1000111113*3*
*211000001113*52
2200001122*23**2
*100001*3*4*334*
111110113*33*33*
012*10124323**21
01*2101***12*310

Field #72:
*22111*321000
3*2*112**1111
*3222112223*3
*212*10112***
122*2101*3453
23*2223333**1
**321***2*431
23*1123334*20
01110001*4*20
000000134*210
1100002**2211
*100002*311*1
3310002221221
**21101*11*21
332*11222222*
*11122*23*432
11001*33****1
1110112*44543
1*1111112*3**
1112*20023*32
1102*3101*332
*1012*32224**
121112**11**3
12*1012222321
1*2100001*210
1110011112*21
000001*10113*
000001110002*

Field #73:
00000001110111
00112223*312*2
002*3**4**12*2
002*3223*31111
01221001221000
12*211112*2000
*43*11*12*3100
**33432123*210
223***102*4*10
014*52113*3110
23**3001*21111
**4*20122224*3
2222212*21****
1101*12*324*6*
*10222113*314*
2201*3212*203*
*1012**321102*
110013**212121
111001222*2*10
1*100000223110
332111001*1111
**11*1012211*1
22111101*10222
000000023312*2
11000002**23*2
*1000013*4*211
2221101*221111
1*2*101110123*
11211122101**2
000001**202331
0000124*322*10
00001*22*3*210
001121112*2100
002*3100111000
002**100012210
0012210001**10
00000000012210
00001110111000
11112*211*1000
1*12*5*2111000
2212*4*2011211
*101122212*3*1
1111101*12*311
111*1122111100
*23322*3221122
12**12*3**11**

Field #74:
*1001*23*200
2210123**200
1*1002*53200
223223*4*200
1*3**213*200
13*531011100
02**11110000
012333*10000
0112**221100
12*22222*100
1*21001*2100

Field #75:
11001*10000
*2113431111
3*11***22*2
*2113**23*3
221233212*2
*22**100111
2*454323221
23***4***3*
*225**4**42
1103*4234*1
0002*201*32
110111023*1
*1011101*32
1112*21213*
001*34*202*
00112**2011
00001232111
0111002*32*
01*1002*3*2

Field #76:
*3
**
22
00
00
00
00

Field #77:
2**21000000011
*33*210000123*
1112*210002**3
01234*21112**3
01**4*21*2334*
0123*3212*3*21
11012*1012*221
*210111001123*
2*3321011101**
13***101*21122
13*421124*3100
1*21001*4**222
22100134*322**
*21112**210122
2*22*222100000
112*2222111100
001233**21*221
0001**5*423*2*
0001223*3*2121
11000011223221
*211110123**2*
2*11*101**4321
2212331124*200
*101**2013*200
22013*212*2100
*1112112*43221
221*2102*3**4*
*112*222223*4*
22113*3*101121
1*114*52311111
2221**3*2*12*2
3*2233212113*3
**32*1011102*3
233*3322*1012*
13*32**3111132
2**214*4101*2*
3*4102**101121
3*310122100000
*3*10000000000

Field #78:
*10001110001*213*200002*311000
110002*3100223*3*211214*5*2000
111002**3122*224332*3*4*5*4100
2*21013*4*2*211**3*5*5*44**211
*3*10134*442101223*5*4*4*423*2
132201**5**10000012*2224*202*2
02*2024**32222100011223*210111
13*311*33211**2221001**5433210
*23*21111*11223**21013******10
223*21111110014*6*21124**6*321
1*2122*1000123**6*42*12*5*321*
22212*331113**33***21224*5*221
1*12*4*2*11**411233222*3**4*10
1234*3121113*311001*2*223*3232
01**3100111112*1001122212333**
013*31012*100112110012*11**4*3
1223*101*3212211*1002*42123*21
*2*211012*23**1111002**1002220
13331000112**31001222221001*10
12**10111024531002**1011112210
*333102*201***2112*3212*11*100
23*1002*3114*53*11111*32112210
2*531012*113*4*2100013*2113*20
2***2101111*3*22222113*42*4*30
2354*10011213332**4*23**313*20
2*3*32001*112**23**4*23*201110
3*32*1001122*32113*31112322221
*2222112211*320013320001**2**2
222*201**212*1001**101122224*3
*22*3134*2011100122101*10113*2
*2112*2*221100000000134322*211
2201222222*2111110001***3*2100
*101*112*212*11*2101234*422000
1112333*43112234*201*1124*3100
001*2**3**101*2**2011101***100

Field #79:
0124**2***31
12***3235*3*
1*4*4212*232
2232*22*211*
1*1234*32133
3332**3*11**
**4*53322222
4*4*3*11*221
*22132212*2*
23222*101121
*2**53200000
123***210000
001345*42211
0001*3***2*1
000112232211
000000011100
11123322*100
*32****21100
*4*4**520000
*3134**10000
2211*4421000
2*323*3*2011
2*3*213*312*
124321344*43
23**11***3**
**3211233343
232100001*3*
01*10000113*
022200001243
13*311001***
3**5*3223332
**4***2**111
22223222211*
110001110122
*22211*101*1
12**21110111
013*20000000

Field #80:
2*
*2
22
1*
11
00
00
00
00
00
00
00
11
*1
22
1*
22
*3
**
22
00
00
00
00
00
11
1*
11
00
00
00
11
*1
11
00
00
00
00
00
11
*1

Field #81:
*1001*211112*12*20001**10
1111212*11*2112*310013320
012*101111110012*22223*31
13*310001221123322**3**3*
*3*200112**43***124*32221
1211012*23***43211*210000
110001*3214**312121211000
*200012*113*32*3*433*2100
*200001122*32213****3*321
110000001*22*102455332**1
1110001121122212**4*44431
1*21101*2111*11*4*4****31
113*20223*122211213455*5*
003*302*4221*100001**23**
003*313*3*1233100013333**
002*22*32122**100001*2*32
001223*2002*4221100112121
1102*421002*311*11110001*
*102**100013*33332*111222
221234321113*4**2*321*2*1
1*22*2**34*424*322*111222
13*31223***5*42201110001*
03*31112454**3*1111011111
03*32*21**2222111*222*100
02*22*212210000012*2*2100

Field #82:
000113*3***4*21*3**3*11112**2*3211*11**310000011
1222*4*54**4*323*6*3112*23*422**222113**2012211*
1**334**22222*23**32102*33*201223*20013*212**111
123*2*43200023*2233*10112*4310003*41001111*44310
1111212*10012*2101*3321124**11112**211111112**10
*10000122102*3100112**22*5*411*11222*11*21112210
22101112*312*20112134*33*4*31211000111112*210000
1*212*22**112211*3*3*3*21212*1000000122223*10000
13*22*2233101*1114*522121101110112111**4*4321000
02*32322*111212112**1012*1012211*3*113*4**2*1000
0112*2*2111*212*3454201*2212**112*43111223433110
1101122210123*33****323211*2333133**332113**2*10
*100001*3211*22*4*7*4**202221*3*2*33***11**44220
11000023**11222122**33*312*223*443223*42234*3*31
0111001*32101*2112321223*223*22**3*112*11*325**1
13*20011212122*11*2213*3111*2113*3111221223*4*31
*5*200112*2*122212*2*3*32232101221001*101*22*210
**21001*224322*21223232*3**2122*2232211011111100
2210001222**23*32*11*112*333*2*33***100000012210
12111111*234*212*2122312222*222*334222221101**21
*2*22*11112*31011224*4*11*3220112*101**2*22333*2
122*3331002*311012****22222*21101121222224**112*
12322**210123*101*333211*1112*21101*10002**31022
1**2124*2001*210111011122311112*211221002*42001*
24*2113*3101110000113*21*2*10123*112*10012*10133
1*321*22*1001110001*3*32121101*2111*2100011101**
12*1233211012*10001234*2000013320011111100001243
12111**21101*3210001*3*200001**3210001*210012*2*
*1112222*11222*1000112111110123**101122*2111*221
111*1112111*1111000000112*1111233102*3223*211100
001111*1002220111000001*2111*11*1124*3*23*211111
00011211001*101*100011322112122211**222*2222*12*
1111*1112121101122211*2*22*113*31122212111*2235*
1*11112*4*2000013**21133*3211***10012*2101111***
2231113*4*211212***3222*3*1134421001*3*100001354
2*4*21*45321*3*33443**223223**2000023421000001**
2*5*213***2225*42*2*3322*22***410002**1012222332
12*2102*43*11***212111*212*34**10002*3101**2**10

Field #83:
12*11110001*112*1
*3332*21012211*21
13**43*101*101110
03**4*32133311110
02*33*33*3**22*10
011113*4*4433*210
001112*33*3*44310
001*12233*32***10
112111*2*21134432
1*10011211001*2**

Field #84:
01**112*1001*222*10111001*3212*42
023311*210124*3*3201*21112**12***
01*11221001*3*32*10123*1012322232
02221*210122211111112*332112*1000
01*222*101*22332101*212**11*32100
024*21111333****2121101221234*100
01**20001**223322*100000001**2100

Field #85:
00001*211111000001*2102*20
1110112*22*22210012*102*31
1*1000112*22**1011212233*1
11100111111233101*101**322
111111*10013*31122201333*1
*23*2222013**4*11*1001*321
12**33*311**4*211110024*20
01233***32223220000012**31
0001*34**1001*1111001*333*
0001112331012322*2101111*3
0001111*1002*3*22*1122234*
1111*2222223*3122333**2**3
1*1112*22**32102*3**33334*
2221122*333*3323*33321*12*
1*11*112*112***2111*111111

Field #86:
1**3**22**1
233*434*642
*3212*3***2
**10112233*
33100000011
*3111122210
*3*11*2**10
23322133310
2*3*101*211
2*3110123*1
22201122*21
1*102*4*331
11102**4*2*
1110124*431
1*10114**31
11101*4***1
011223*3332
01*2*21101*

Field #87:
1100001122210002****102*20001*3*32*10012*3*100001*
*211001*2**10113*432113*3110113*4*42101*4*43321011
13*31022333201*2121212*22*1000113*3*21113*3***3232
03**101*11*2222213*3*321122101111123*20012345*4***
02*32122333*3*33*4*32*1001*102*31102*31112*2*3*4*4
01111*11**314**3*3111111121224*4*32222*11*3312122*
000011113*202*3211000001*101**23**2*111112*1000011

Field #88:
01*101*113*2
011102343**2
011112***653
01*22*34****
012*21112332
001122210000
00001**10011
00001222122*
00000001*2*2
111000022311
1*100001*100
111000011100
111221000000
*12**2100000
123*4*332211
01*333***2*1
0112*34*3222
00124*32322*
112*3*22**31
2*312112**41
2*3111224**2
23*33*2*23*2
1*3**2211111
112221001221
000000001**1

Field #89:
1110000111012*1111112*
1*210002*312*211*11*21
12*21102*3*21112211110
0123*2121212111*211000
001*22*21101*1123*1000
00222112*1011101*21000
001*100222001111121111
11212111*1113*2001*11*
1*112*33211*3*20011122
2212*5**1022311000001*
*102*5*4101*1000001121
110236*300111000001*10
0001***432100000001110
00013*4***210000001121
00001124*6*21110001*2*
00000002*5*42*10001132
0000012323*3*32112211*
000012**111212*12**321
00001*32100001112***10
1110122111111100123210
1*2111*22*11*100000000
112*113*32221100000111
0022213*22*211222101*1
001*11*322*44*3**11221
0011112*112***32211*10

Field #90:
1*21001*100
12*11132211
23322*2*33*
**2*2244**2
*32111**321
11011223210
0012*101*21
001*21123*2
1232212*34*
3**21*23*4*
***21112*31

Field #91:
01*10001*3*22**112*1002*31101*11*1
1211011213*34*411*21002*3*32211111
*21001*2123*4*312231101123**100000
3*31012*12*4*4*11*2*211002*3101110
2**1001223*33*3111212*100112222*21
13320001*3213*31221011111223**322*
01*211012*114*42**201111*2**43*122
1222*2101112**3*4*422*11123*32222*
2*223*210002*43123**212110224*32*2
*33*43*100023*1013*4211*211*4**311
*23**3110002*3101*22*222*1113**300
123**2122214*41022212*22110013*200
12*3211**2*4**101*1013*20000133311
*3321012333*3221211113*200002**2*1
2*3*21212*22211*1012*21100114*4222
24*32*2*2112*211112*3321001*3*201*
*4*432334212*32211*22**11121222111
2*3**11***2224**111112211*1013*200
1122211233*11**31012332111113**200
1111100112122332101****10002**3100
*22*1001*101*22*211244310125*41111
3*21211233234*22*2112*2001***201*1
*3212*43**2**32112*12*211223321111
12*12***33334*2012211111*1001*3210
1222233211*12*201*101112220013**21
1*22*2111221111011113*32*10002*32*
233*22*22*2111111111***33311121233
*3*2112*224*21*22*112322**11*101**
*311001111**2112*21000012211110122

Field #92:
1*2222111**2*22210000
112**3*1133313**10000
0013*42101*102*321100
00023*10022212211*100
0012*21001*11*1022200
112*3210023332201*100
1*223*2111**2*2111100
1222*22*112222*100011
01*21111111223210001*
0112111111*2**1000011
0001*11*1223221111000
1222112332*11111*1011
1**3212**3111*222213*
233**23**200112*12*4*
*3344*333210112112*31
3**2*4*11*222*1001110
*4323*3223*2*21011100
2*323*32*22321013*200
34**23*3111*1001**411
**3212*2001121113*3*2
3320133200002*202243*
1*101**200002*312*3*2
122114*30000224*33*31
01*102*311001*3*22*31
12111233*21011211113*
*4211*2*4*1001110002*
***21234*31112*211011
24*201*3*201*212*1000

Field #93:
*3*2100012*322233*12*4*
*32*10002*4**2***212**2
111111123*3222232101332
012211*2*210000001111*1
01**22342211000012*1222
135*21**22*101111*334*2
1**21245*21101*1113***3
243312**31000122102*43*
*2*3*34*2111123*1011122
122*3*2111*11**4311111*
001121100111123**11*111

Field #94:
0001*2222**101*322*2*101*22222*10000001110000011
111112**3221124**21212122*2**3220011112*2121101*
1*21113*31012*3*310013*3222222*1001*22*22*2*1122
124*2012*212*23220012**5*20001110012*223322111*1
01**311333*2122*2112*33**20000000001111**1111111
0123*11**42201*3*11*32122100012210011223333*3210
00012234*3*222232323*100111001**1013*3*11**3**10
00112*3*323*3*11*3*543212*222332112**31112222210
112*423*203*411114****2*22*2**1112*3210000000000
*12**111102*200002**422111122211*211000000000000

Field #95:
01*22*21212*1000
012*212*2*212110
0011101132201*21
000000001*10113*
011211001111113*
01*4*2000123*23*
013**31112**3*21
003*64*11*443210
112***3123*2*111
*1124*323*32111*
331123*2**312232
**32*223323*4**1
3**2111*102*5*41
2442001221113*20
1**21001*1001110
124*200111111011
224*4100001*101*
**4**20000111022
35*6*2111000112*
*3**323*31223*21
12222*3*3*2**320
0000112121223*21
00001110000023*1
01222*1001122*32
01**222101*4*4*1
123222*1012**311
2*101*2211133200
*3322111*101*210
12**312222133*21
013*4*3*23*3*23*
22213*32*3*4223*
**2122232312*13*
344*11*2*101112*
1**3222322100022
123*22*11*10002*
0012*2111121102*
11011212111*1022
*20001*3*112211*
*200123*4311*122
11002*32**11111*
11113*2123221111
*21*212111*2*211
*211101*111212*1

Field #96:
12*2100001*2111100001****3*21101**1001*210
1*4*2001122*23*2000012445*32*1012210024*31
113*2002*2112**20111001*4*432311000001***1
11211113*312355434*311235**3*2*11110023543
2*3122*212*2*******4*11**5*412222*1012*3**
2*3*3*2102232334*6*5211345*3111*21102*5*32
1122*21002*3110113**1002**22*23320002**321
0001110113*3*10001221124*31112**10012322*1
00011101*2121100001122**320002331002*20111
1111*21122112333212*3*44*11222*10002*31211
1*112*112*22*****12*44*4221**211001222*4*2
11101111*33*344533222**3*1122101111*123**2
0011211223*223*3*3*3222322001222*33322*431
001*3*11*3211**313**2122*1112**22**3*23*31
0012*2223*10123322234*3*211*2221234*323*5*
1111222*2110001**212**31101221001*323*22**
1*101*322110001333*222100012*111212*321133
111013*21*100001*2110000001*333*2112*2233*
001112*3211123221100000000124**3*10112***3
001*112*2111***1011100000013**4212221124*2
002220112*11232101*10000001***2001**100111
001*32212110000001110000012332101344210122
1233**2*222211110011100013*200001**2*322**
1**32234*3**11*2112*20001**2000012223**222
14*3002**3222333*12*31112221001110013*3100
02*3103*42223**32212*11*2112211*1001*32000
123*212*32**3*32*2121123*22**34442112*2221
1*22*1112*32211112*1001*3*223*****10112**1

Field #97:
02*31100001122*212*10
02*3*321001*3*32*2110
02243**211223*2112221
12*2*33*11*3321001**1
*3221112333**11111232
2*100113**32211*2101*
111001*3**200123*1011
11222212221001*322000
1*2**10111001223*2000
22333201*1001*12*2000
1*22*1011100111111000
12*211111111000012210
0111112*22*100001**10
12122*22*322111012321
*2*2*32212*23*20112*1
121212*10112**201*211
000001110001333121211
1221000111112*3*101*2
1**11111*22*22*32023*
24321*334*42223*101*2
*3*212**6**12*4322232
13*2024***433**3*3*3*
122101*333*3*44*23*31
1*212232112*33*323220
113*3*2*10113*43*3*21
002*312110002*3*4*3*1
0011100000001133*3321
000111111000001*33*10
1111*11*11110012*2110
2*11111222*1000122100
*4310001*21100001*100
3**100022200111011100
*3321012*1124*3211122
234*201*211****2*11**
1***20222012332211133
1232102*200011111212*
0000003*30001*22*3*21
0111002*2000113*4*210
01*100111011102*31100
01110000001*101110000

Field #98:
111122101*2122*1112**3211000011100
1*11**10112*2*321*24**3*111101*100
12222211111122*22213*5*223*2011211
01*10112*1000223*113*3111**30112*1
133201*3220001*2122*332113*202*311
2**10123*221222112*22**2122323*200
3*41112*3*2*2*101*321223*22**32200
2*201*212121211023*10002*23*53*100
12322121100001111*210001112*4*4211
13**101*211001*22210000122224**11*
*3*310112*100113*2122113**11*43211
2332100012210013*32**23**41123*210
3*3*111101*1001*22*44*3**2012*3*10
**5321*322221012333*32223222*22110
24**112**22*2212**22*1113*4*210011
02*3101333*3*3*33322211*3**320001*
02220001*3233*22*22*1011223*100011
12*111223*11*4322*3231100133200011
1*321*3*21123**2335*4*1112**10001*
34*113*31012*45*3****322*233212221
**3313*2001*3*3*434322*3222*11**10
*4*2*211001121223*11122*11*3224420
1212122211232101*223*432123*11**10
000112**21***101111****323*2224320
1111*23*214*532101235**3**211*2*21
1*122223312*3**101*23*3222101122*1
1222*11**21122210112*3200011112321
12*21113*200112111122*10012*11**21
2*31122323112*4*32*1111001*222323*
4*302**3*3*22*5**322000012211*102*
**313**325*3113*32*321002*20111011
23*12*311**20012233**2113*20011111
0111123222221213*3*33*22*21112*12*
000001**2101*2*3*311123*2212*2123*
00000135*2011323110001*334*42101*2
0000001**31101*222100223****100111
1112211222*21213**2101*334*3111100
*22**2000112*102*6*2024*432101*100
*22**200000111012**201****10011100

Field #99:
1221001112*4*311***3***112*10012*2101*222112*10000
1**1013*44*5**114**324322*31001*3*10123**11*321111
123211****44*4313*3101*13*300023532012*322333*11*2
001*113*5**22*3*322212223*31101***101*2112**32123*
001111333233323*32*3*11*323*3123*31122101*34*201*3
110002**201**213*43*2223*24*5*111101*2101113*3012*
*21014**3123*202**4343*323***32111112*210013*20011
4*212**32*1111013*3***44*43433*11*1023*1012*210000
**33*5321111121122435**4**12*42322102*3101*3221100
34*3*4*10012*2*22*2*34*54313*4*2*2112*200112*3*311
*3222*21013*3212*333*32**312*42223*11111111223*3*1
2*21322013**20012*23*213**112*212*333222*12*211222
123*2*101**31000112*21012210123*212***3*422*21111*
12*233311332000001221000123212*42124645**11122*332
*2222**213*3211012*211112***12*4*32***5*42102*5**1
233*23*21***2*211*34*21*22321113**224**23*202**321
1**21111234222*1113**53321000002442134312*31223221
122100001*100111114****2*2110001**11**10112*101*3*
00000000111122101*3*5*3213*3100122112210012211235*
112110000012**112233433212**32211121100001*102*3**
1*2*2100001*4321*11**2**113*3**21*2*1011111103*65*
1233*10001222*2222343333112224*31232112*210002***3
01*3331001*2333*34**11*212*102*312*213*5*31012334*
1212**221323**22***31112*2110112*212*3*4**212*213*
*11234*4*3*33322332101121211000122122312333*322*32
222*12**6*32*11*111101*101*211001*22*1001*22*1112*
1*21224***22221112*201232212*22122*321001111110022
23312*34*422*21002*2001**1012*4*213*3222111110001*
1**23*33*21*3*1002220012211234**213*3**2*22*100011
124*33*32221211002*20000001**4*411*333222*21100011
002*23*31*21101112*42100001223*20113*310122211002*
001112*3212*101*112**100000012210113**2001*3*2002*
0000012*213331111012211221001*1012*23*200113*20022
000000112*3**2000001111**21222212*333210000111001*
11000000224**2000012*11223*4*11*223**1011100000011
*10122102*443211212*210002**312221*32223*100011111
2201**212**2*22*2*332101123*311*111102**321101*11*
*21234*2333212*333*3*102*323*111222103**21*1011122
2*11*22*2*101333*22*2102*3*321001**212*4211211002*
1111111132212**321112122222*1000123*112*1123*1113*
000000112*22*33*21101*3*211110000012222211**432*21
0011101*223*21112*1012*3*22210012322*2*10124**3110
002*201111*211111110011212**1001***334322112**3100
112*2001121101*100112110012210023423**3*4*1134*321
*1111112*2212232101*2*1000000001*212*33**2102*4**1
221012*22*3*3*2*32212121100111124*32112331003*4232
1*101*21113*3122**10001*1001*11*3**1001*10002*201*

Field #100:
2*11*3334*200002*20011
*4233*****310014*3002*
*3*3*33333*1012**2124*
232*2100011212*4321**2
*21121100012*322*23453
*2001*10123*4*224*3***
110011101**44*32**5342
0011100024*4*4*34*3*10
001*10012*35*43*312232
11322113*32**23*3124**
1*3*33*3*212212*33****
24*5**23331111112**443
*3*4*312**11*10012322*
12243313*3111100001*32
001**2*32211011100112*
1122222*33*101*1000011
2*311012**210111000000
2*3*101232101110000000
2221101*21101*10000111
*10001222*1011100123*1
110001*11110001111**32
000113220001222*11222*
0001*3*21122**31100011
000113*22*3*5*42222110
000001223*423**3**2*21
0000002*54*223*32222*1
1212112***3*1111001221
*4*3*114*5423110013*20
*4*31102**3*2*1001**41
1322000234*22110136**3
02*20112*21100001*****
02*201*21211000013*5*3
0111022201*21112121322
000001*1012*11*2*101*1
0001121211123322110233
1212*101*101**111113**
*3*4331322012211*22**4
*43**3*3*21000013*33*2
*33*33*33*3100003*3122
23*222212**111103*411*
*3112*2012211*102**221
*2002*3100012210123*10
331123*10001*100001221
**32*321011211000001*1
5**22*1001*21001110122
**433210012*2122*2122*
223**21111323*2*23*4*3
002*32*22*2*322112*4*2
00122323*222*112221211
0001*2*21101111**10000
